
=ERROR REPORT==== 22-Aug-2019::16:03:29 ===
** Generic server <0.90.0> terminating 
** Last message in was {tcp_closed,#Port<0.915>}
** When Server state == {state,2,<<>>,[],#Fun<hub_client_gc_wc.loop.2>,
                               #Port<0.915>}
** Reason for termination == 
** {badarg,[{jsx_decoder,value,4,[{file,"src/jsx_decoder.erl"},{line,234}]},
            {hub_client_gc_wc,loop,2,
                              [{file,"hub_client_gc_wc.erl"},{line,35}]},
            {client_handle,handle_info,2,
                           [{file,"core/tcp/client_handle.erl"},{line,76}]},
            {gen_server,try_dispatch,4,[{file,"gen_server.erl"},{line,615}]},
            {gen_server,handle_msg,5,[{file,"gen_server.erl"},{line,681}]},
            {proc_lib,init_p_do_apply,3,[{file,"proc_lib.erl"},{line,240}]}]}

=ERROR REPORT==== 22-Aug-2019::16:04:16 ===
** Generic server <0.95.0> terminating 
** Last message in was {tcp,#Port<0.1046>,<<136,130,225,206,220,49,226,38>>}
** When Server state == {state,2,<<>>,[],#Fun<hub_client_gc_wc.loop.2>,
                               #Port<0.1046>}
** Reason for termination == 
** {badarg,[{jsx_decoder,value,4,[{file,"src/jsx_decoder.erl"},{line,234}]},
            {hub_client_gc_wc,loop,2,
                              [{file,"hub_client_gc_wc.erl"},{line,35}]},
            {client_handle,websocket_handle_data,1,
                           [{file,"core/tcp/client_handle.erl"},{line,130}]},
            {gen_server,try_dispatch,4,[{file,"gen_server.erl"},{line,615}]},
            {gen_server,handle_msg,5,[{file,"gen_server.erl"},{line,681}]},
            {proc_lib,init_p_do_apply,3,[{file,"proc_lib.erl"},{line,240}]}]}

=ERROR REPORT==== 22-Aug-2019::16:04:16 ===
** Generic server <0.94.0> terminating 
** Last message in was {tcp,#Port<0.1045>,<<136,130,8,50,223,63,11,218>>}
** When Server state == {state,2,<<>>,[],#Fun<hub_client_gc_wc.loop.2>,
                               #Port<0.1045>}
** Reason for termination == 
** {badarg,[{jsx_decoder,value,4,[{file,"src/jsx_decoder.erl"},{line,234}]},
            {hub_client_gc_wc,loop,2,
                              [{file,"hub_client_gc_wc.erl"},{line,35}]},
            {client_handle,websocket_handle_data,1,
                           [{file,"core/tcp/client_handle.erl"},{line,130}]},
            {gen_server,try_dispatch,4,[{file,"gen_server.erl"},{line,615}]},
            {gen_server,handle_msg,5,[{file,"gen_server.erl"},{line,681}]},
            {proc_lib,init_p_do_apply,3,[{file,"proc_lib.erl"},{line,240}]}]}

=ERROR REPORT==== 22-Aug-2019::16:04:16 ===
** Generic server <0.93.0> terminating 
** Last message in was {tcp,#Port<0.1044>,<<136,130,42,92,108,41,41,180>>}
** When Server state == {state,2,<<>>,[],#Fun<hub_client_gc_wc.loop.2>,
                               #Port<0.1044>}
** Reason for termination == 
** {badarg,[{jsx_decoder,value,4,[{file,"src/jsx_decoder.erl"},{line,234}]},
            {hub_client_gc_wc,loop,2,
                              [{file,"hub_client_gc_wc.erl"},{line,35}]},
            {client_handle,websocket_handle_data,1,
                           [{file,"core/tcp/client_handle.erl"},{line,130}]},
            {gen_server,try_dispatch,4,[{file,"gen_server.erl"},{line,615}]},
            {gen_server,handle_msg,5,[{file,"gen_server.erl"},{line,681}]},
            {proc_lib,init_p_do_apply,3,[{file,"proc_lib.erl"},{line,240}]}]}

=ERROR REPORT==== 22-Aug-2019::16:04:16 ===
** Generic server <0.92.0> terminating 
** Last message in was {tcp,#Port<0.1043>,<<136,130,214,248,251,103,213,16>>}
** When Server state == {state,2,<<>>,[],#Fun<hub_client_gc_wc.loop.2>,
                               #Port<0.1043>}
** Reason for termination == 
** {badarg,[{jsx_decoder,value,4,[{file,"src/jsx_decoder.erl"},{line,234}]},
            {hub_client_gc_wc,loop,2,
                              [{file,"hub_client_gc_wc.erl"},{line,35}]},
            {client_handle,websocket_handle_data,1,
                           [{file,"core/tcp/client_handle.erl"},{line,130}]},
            {gen_server,try_dispatch,4,[{file,"gen_server.erl"},{line,615}]},
            {gen_server,handle_msg,5,[{file,"gen_server.erl"},{line,681}]},
            {proc_lib,init_p_do_apply,3,[{file,"proc_lib.erl"},{line,240}]}]}
