
=ERROR REPORT==== 22-Aug-2019::15:36:23 ===
** Generic server <0.90.0> terminating 
** Last message in was {tcp,#Port<0.810>,
                            <<129,254,0,142,124,3,226,57,7,33,145,92,18,103,
                              135,75,21,103,192,3,94,98,128,90,77,49,209,27,
                              80,33,140,80,31,104,192,3,94,33,206,27,17,112,
                              133,77,5,115,135,27,70,33,150,92,4,119,192,21,
                              94,96,141,87,8,102,140,77,94,57,192,87,21,107,
                              131,86,94,47,192,74,25,109,134,77,21,110,135,27,
                              70,33,208,9,77,58,207,9,68,46,208,10,92,51,212,
                              3,79,53,216,11,76,33,206,27,17,112,133,80,24,33,
                              216,27,73,70,214,15,57,49,160,9,78,69,167,11,72,
                              50,210,123,61,53,214,8,79,58,210,0,79,54,218,
                              122,68,54,161,12,94,126>>}
** When Server state == {state,2,<<>>,[],#Fun<hub_client_gc_wc.loop.2>,
                               #Port<0.810>}
** Reason for termination == 
** {'module could not be loaded',
       [{jsx,decode,
            [<<"{\"senderid\":\"abc123\",\"nick\":\"\",\"msgtype\":\"text\",\"content\":\"nihao\",\"sendtime\":\"2019-08-23 06:36:20\",\"msgid\":\"5E46E2B02FE2410BA6413909358C85C5\"}">>],
            []},
        {hub_client_gc_wc,loop,2,[{file,"hub_client_gc_wc.erl"},{line,25}]},
        {client_handle,websocket_handle_data,1,
            [{file,"core/tcp/client_handle.erl"},{line,114}]},
        {gen_server,try_dispatch,4,[{file,"gen_server.erl"},{line,615}]},
        {gen_server,handle_msg,5,[{file,"gen_server.erl"},{line,681}]},
        {proc_lib,init_p_do_apply,3,[{file,"proc_lib.erl"},{line,240}]}]}

=ERROR REPORT==== 22-Aug-2019::15:36:26 ===
** Generic server <0.92.0> terminating 
** Last message in was {tcp,#Port<0.973>,
                            <<129,254,0,142,214,138,170,102,173,168,217,3,184,
                              238,207,20,191,238,136,92,244,235,200,5,231,184,
                              153,68,250,168,196,15,181,225,136,92,244,168,
                              134,68,187,249,205,18,175,250,207,68,236,168,
                              222,3,174,254,136,74,244,233,197,8,162,239,196,
                              18,244,176,136,8,191,226,203,9,244,166,136,21,
                              179,228,206,18,191,231,207,68,236,168,152,86,
                              231,179,135,86,238,167,152,85,246,186,156,92,
                              229,188,144,84,229,168,134,68,187,249,205,15,
                              178,168,144,68,230,189,147,84,146,191,157,82,
                              151,187,233,32,226,201,156,85,238,190,233,85,
                              230,189,232,95,225,206,147,82,238,178,235,36,
                              244,247>>}
** When Server state == {state,2,<<>>,[],#Fun<hub_client_gc_wc.loop.2>,
                               #Port<0.973>}
** Reason for termination == 
** {'module could not be loaded',
       [{jsx,decode,
            [<<"{\"senderid\":\"abc123\",\"nick\":\"\",\"msgtype\":\"text\",\"content\":\"nihao\",\"sendtime\":\"2019-08-23 06:36:23\",\"msgid\":\"0792D574A1CF4C6384C307B97D9488AB\"}">>],
            []},
        {hub_client_gc_wc,loop,2,[{file,"hub_client_gc_wc.erl"},{line,25}]},
        {client_handle,websocket_handle_data,1,
            [{file,"core/tcp/client_handle.erl"},{line,114}]},
        {gen_server,try_dispatch,4,[{file,"gen_server.erl"},{line,615}]},
        {gen_server,handle_msg,5,[{file,"gen_server.erl"},{line,681}]},
        {proc_lib,init_p_do_apply,3,[{file,"proc_lib.erl"},{line,240}]}]}
