
=ERROR REPORT==== 22-Aug-2019::15:37:27 ===
** Generic server <0.90.0> terminating 
** Last message in was {tcp,#Port<0.810>,
                            <<129,254,0,142,5,1,254,119,126,35,141,18,107,101,
                              155,5,108,101,220,77,39,96,156,20,52,51,205,85,
                              41,35,144,30,102,106,220,77,39,35,210,85,104,
                              114,153,3,124,113,155,85,63,35,138,18,125,117,
                              220,91,39,98,145,25,113,100,144,3,39,59,220,25,
                              108,105,159,24,39,45,220,4,96,111,154,3,108,108,
                              155,85,63,35,204,71,52,56,211,71,61,44,204,68,
                              37,49,200,77,54,54,196,69,48,35,210,85,104,114,
                              153,30,97,35,196,85,54,66,205,49,67,48,203,66,
                              60,51,206,50,49,55,207,50,60,69,205,71,50,64,
                              188,65,49,68,205,79,60,53,186,66,39,124>>}
** When Server state == {state,2,<<>>,[],#Fun<hub_client_gc_wc.loop.2>,
                               #Port<0.810>}
** Reason for termination == 
** {'module could not be loaded',
       [{jsx,decode,
            [<<"{\"senderid\":\"abc123\",\"nick\":\"\",\"msgtype\":\"text\",\"content\":\"nihao\",\"sendtime\":\"2019-08-23 06:37:25\",\"msgid\":\"3C3FF155920E461E9D307AB64E3894D5\"}">>],
            []},
        {hub_client_gc_wc,loop,2,[{file,"hub_client_gc_wc.erl"},{line,26}]},
        {client_handle,websocket_handle_data,1,
            [{file,"core/tcp/client_handle.erl"},{line,114}]},
        {gen_server,try_dispatch,4,[{file,"gen_server.erl"},{line,615}]},
        {gen_server,handle_msg,5,[{file,"gen_server.erl"},{line,681}]},
        {proc_lib,init_p_do_apply,3,[{file,"proc_lib.erl"},{line,240}]}]}

=ERROR REPORT==== 22-Aug-2019::15:38:05 ===
** Generic server <0.92.0> terminating 
** Last message in was {tcp,#Port<0.973>,
                            <<129,254,0,145,37,37,103,12,94,7,20,105,75,65,2,
                              126,76,65,69,54,7,68,5,111,20,23,84,46,9,7,9,
                              101,70,78,69,54,7,68,5,111,7,9,69,97,86,66,19,
                              117,85,64,69,54,7,81,2,116,81,7,75,46,70,74,9,
                              120,64,75,19,46,31,7,9,101,77,68,8,46,9,7,20,
                              105,75,65,19,101,72,64,69,54,7,23,87,61,28,8,87,
                              52,8,23,84,44,21,19,93,63,29,31,87,62,7,9,69,97,
                              86,66,14,104,7,31,69,63,96,102,38,59,99,17,37,
                              74,22,22,33,56,16,22,85,78,21,96,83,52,103,100,
                              35,59,96,102,82,52,20,21,94,46,88>>}
** When Server state == {state,2,<<>>,[],#Fun<hub_client_gc_wc.loop.2>,
                               #Port<0.973>}
** Reason for termination == 
** {'module could not be loaded',
       [{jsx,decode,
            [<<"{\"senderid\":\"abc123\",\"nick\":\"abc\",\"msgtype\":\"text\",\"content\":\"nihao\",\"sendtime\":\"2019-08-23 06:38:02\",\"msgid\":\"3ECA7F4BF33F4532B0E48BAD7EC58109\"}">>],
            []},
        {hub_client_gc_wc,loop,2,[{file,"hub_client_gc_wc.erl"},{line,26}]},
        {client_handle,websocket_handle_data,1,
            [{file,"core/tcp/client_handle.erl"},{line,114}]},
        {gen_server,try_dispatch,4,[{file,"gen_server.erl"},{line,615}]},
        {gen_server,handle_msg,5,[{file,"gen_server.erl"},{line,681}]},
        {proc_lib,init_p_do_apply,3,[{file,"proc_lib.erl"},{line,240}]}]}
