
=ERROR REPORT==== 22-Aug-2019::15:45:54 ===
** Generic server <0.90.0> terminating 
** Last message in was {tcp,#Port<0.810>,
                            <<129,254,0,145,255,110,11,49,132,76,120,84,145,
                              10,110,67,150,10,41,11,221,15,105,82,206,92,56,
                              19,211,76,101,88,156,5,41,11,221,15,105,82,221,
                              66,41,92,140,9,127,72,143,11,41,11,221,26,110,
                              73,139,76,39,19,156,1,101,69,154,0,127,19,197,
                              76,101,88,151,15,100,19,211,76,120,84,145,10,
                              127,88,146,11,41,11,221,92,59,0,198,67,59,9,210,
                              92,56,17,207,88,49,5,202,84,62,0,221,66,41,92,
                              140,9,98,85,221,84,41,9,201,89,79,1,185,45,59,5,
                              188,44,57,5,189,40,78,115,198,44,59,116,189,40,
                              58,112,186,86,61,7,199,92,60,19,130>>}
** When Server state == {state,2,<<>>,[],#Fun<hub_client_gc_wc.loop.2>,
                               #Port<0.810>}
** Reason for termination == 
** {'module could not be loaded',
       [{jsx,decode,
            [<<"{\"senderid\":\"abc123\",\"nick\":\"abc\",\"msgtype\":\"text\",\"content\":\"nihao\",\"sendtime\":\"2019-08-23 06:45:51\",\"msgid\":\"867D0FC04CB24BFEB9B0EBF1AE866827\"}">>],
            []},
        {hub_client_gc_wc,loop,2,[{file,"hub_client_gc_wc.erl"},{line,26}]},
        {client_handle,websocket_handle_data,1,
            [{file,"core/tcp/client_handle.erl"},{line,114}]},
        {gen_server,try_dispatch,4,[{file,"gen_server.erl"},{line,615}]},
        {gen_server,handle_msg,5,[{file,"gen_server.erl"},{line,681}]},
        {proc_lib,init_p_do_apply,3,[{file,"proc_lib.erl"},{line,240}]}]}
